make.exe --dry-run --always-make --keep-going --print-directory
make: Entering directory '/f/2.documents/esp/8266/esp8266_nonos_template_prj'
mkdir -p build/obj/
mkdir -p build/bin/
mkdir -p build/out/
C:/msys32/opt/xtensa-lx106-elf/bin/xtensa-lx106-elf-gcc -Os -g -Wpointer-arith -Wundef -Wl,-EL -fno-inline-functions -nostdlib -mlongcalls -mtext-section-literals -ffunction-sections -fdata-sections -fno-builtin-printf -fno-jump-tables -fno-guess-branch-probability -freorder-blocks-and-partition -fno-cse-follow-jumps -DICACHE_FLASH -DSPI_FLASH_SIZE_MAP=6 -DMEM_DEFAULT_USE_DRAM -DLWIP_OPEN_SRC -IESP8266_NONOS_SDK/include -IESP8266_NONOS_SDK/driver_lib/include -IESP8266_NONOS_SDK/third_party/include -IESP8266_NONOS_SDK/third_party/include/lwip/app -IESP8266_NONOS_SDK/third_party/include/lwip -I./source -I./mcu_xlibs -I./mcu_xlibs/misc -I./mcu_xlibs/arch/tensilica/l106/esp8266/include/driver -I./mcu_xlibs/arch/tensilica/l106/esp8266/libs/esp8266_wifi -I./mcu_xlibs/arch/tensilica/l106/esp8266/libs/dns_server -I./mcu_xlibs/arch/tensilica/l106/esp8266/libs/i2s_dma -o build/obj/rf_init.o -c source/rf_init.c
mkdir -p build/obj/
mkdir -p build/bin/
mkdir -p build/out/
C:/msys32/opt/xtensa-lx106-elf/bin/xtensa-lx106-elf-gcc -Os -g -Wpointer-arith -Wundef -Wl,-EL -fno-inline-functions -nostdlib -mlongcalls -mtext-section-literals -ffunction-sections -fdata-sections -fno-builtin-printf -fno-jump-tables -fno-guess-branch-probability -freorder-blocks-and-partition -fno-cse-follow-jumps -DICACHE_FLASH -DSPI_FLASH_SIZE_MAP=6 -DMEM_DEFAULT_USE_DRAM -DLWIP_OPEN_SRC -IESP8266_NONOS_SDK/include -IESP8266_NONOS_SDK/driver_lib/include -IESP8266_NONOS_SDK/third_party/include -IESP8266_NONOS_SDK/third_party/include/lwip/app -IESP8266_NONOS_SDK/third_party/include/lwip -I./source -I./mcu_xlibs -I./mcu_xlibs/misc -I./mcu_xlibs/arch/tensilica/l106/esp8266/include/driver -I./mcu_xlibs/arch/tensilica/l106/esp8266/libs/esp8266_wifi -I./mcu_xlibs/arch/tensilica/l106/esp8266/libs/dns_server -I./mcu_xlibs/arch/tensilica/l106/esp8266/libs/i2s_dma -o build/obj/main.o -c source/main.c
mkdir -p build/obj/
mkdir -p build/bin/
mkdir -p build/out/
C:/msys32/opt/xtensa-lx106-elf/bin/xtensa-lx106-elf-gcc -Os -g -Wpointer-arith -Wundef -Wl,-EL -fno-inline-functions -nostdlib -mlongcalls -mtext-section-literals -ffunction-sections -fdata-sections -fno-builtin-printf -fno-jump-tables -fno-guess-branch-probability -freorder-blocks-and-partition -fno-cse-follow-jumps -DICACHE_FLASH -DSPI_FLASH_SIZE_MAP=6 -DMEM_DEFAULT_USE_DRAM -DLWIP_OPEN_SRC -IESP8266_NONOS_SDK/include -IESP8266_NONOS_SDK/driver_lib/include -IESP8266_NONOS_SDK/third_party/include -IESP8266_NONOS_SDK/third_party/include/lwip/app -IESP8266_NONOS_SDK/third_party/include/lwip -I./source -I./mcu_xlibs -I./mcu_xlibs/misc -I./mcu_xlibs/arch/tensilica/l106/esp8266/include/driver -I./mcu_xlibs/arch/tensilica/l106/esp8266/libs/esp8266_wifi -I./mcu_xlibs/arch/tensilica/l106/esp8266/libs/dns_server -I./mcu_xlibs/arch/tensilica/l106/esp8266/libs/i2s_dma -o build/obj/bits_string.o -c mcu_xlibs/misc/bits_string.c
mkdir -p build/obj/
mkdir -p build/bin/
mkdir -p build/out/
C:/msys32/opt/xtensa-lx106-elf/bin/xtensa-lx106-elf-gcc -Os -g -Wpointer-arith -Wundef -Wl,-EL -fno-inline-functions -nostdlib -mlongcalls -mtext-section-literals -ffunction-sections -fdata-sections -fno-builtin-printf -fno-jump-tables -fno-guess-branch-probability -freorder-blocks-and-partition -fno-cse-follow-jumps -DICACHE_FLASH -DSPI_FLASH_SIZE_MAP=6 -DMEM_DEFAULT_USE_DRAM -DLWIP_OPEN_SRC -IESP8266_NONOS_SDK/include -IESP8266_NONOS_SDK/driver_lib/include -IESP8266_NONOS_SDK/third_party/include -IESP8266_NONOS_SDK/third_party/include/lwip/app -IESP8266_NONOS_SDK/third_party/include/lwip -I./source -I./mcu_xlibs -I./mcu_xlibs/misc -I./mcu_xlibs/arch/tensilica/l106/esp8266/include/driver -I./mcu_xlibs/arch/tensilica/l106/esp8266/libs/esp8266_wifi -I./mcu_xlibs/arch/tensilica/l106/esp8266/libs/dns_server -I./mcu_xlibs/arch/tensilica/l106/esp8266/libs/i2s_dma -o build/obj/esp8266_gpio.o -c mcu_xlibs/arch/tensilica/l106/esp8266/driver/esp8266_gpio.c
mkdir -p build/obj/
mkdir -p build/bin/
mkdir -p build/out/
C:/msys32/opt/xtensa-lx106-elf/bin/xtensa-lx106-elf-gcc -Os -g -Wpointer-arith -Wundef -Wl,-EL -fno-inline-functions -nostdlib -mlongcalls -mtext-section-literals -ffunction-sections -fdata-sections -fno-builtin-printf -fno-jump-tables -fno-guess-branch-probability -freorder-blocks-and-partition -fno-cse-follow-jumps -DICACHE_FLASH -DSPI_FLASH_SIZE_MAP=6 -DMEM_DEFAULT_USE_DRAM -DLWIP_OPEN_SRC -IESP8266_NONOS_SDK/include -IESP8266_NONOS_SDK/driver_lib/include -IESP8266_NONOS_SDK/third_party/include -IESP8266_NONOS_SDK/third_party/include/lwip/app -IESP8266_NONOS_SDK/third_party/include/lwip -I./source -I./mcu_xlibs -I./mcu_xlibs/misc -I./mcu_xlibs/arch/tensilica/l106/esp8266/include/driver -I./mcu_xlibs/arch/tensilica/l106/esp8266/libs/esp8266_wifi -I./mcu_xlibs/arch/tensilica/l106/esp8266/libs/dns_server -I./mcu_xlibs/arch/tensilica/l106/esp8266/libs/i2s_dma -o build/obj/esp8266_iomux.o -c mcu_xlibs/arch/tensilica/l106/esp8266/driver/esp8266_iomux.c
mkdir -p build/obj/
mkdir -p build/bin/
mkdir -p build/out/
C:/msys32/opt/xtensa-lx106-elf/bin/xtensa-lx106-elf-gcc -Os -g -Wpointer-arith -Wundef -Wl,-EL -fno-inline-functions -nostdlib -mlongcalls -mtext-section-literals -ffunction-sections -fdata-sections -fno-builtin-printf -fno-jump-tables -fno-guess-branch-probability -freorder-blocks-and-partition -fno-cse-follow-jumps -DICACHE_FLASH -DSPI_FLASH_SIZE_MAP=6 -DMEM_DEFAULT_USE_DRAM -DLWIP_OPEN_SRC -IESP8266_NONOS_SDK/include -IESP8266_NONOS_SDK/driver_lib/include -IESP8266_NONOS_SDK/third_party/include -IESP8266_NONOS_SDK/third_party/include/lwip/app -IESP8266_NONOS_SDK/third_party/include/lwip -I./source -I./mcu_xlibs -I./mcu_xlibs/misc -I./mcu_xlibs/arch/tensilica/l106/esp8266/include/driver -I./mcu_xlibs/arch/tensilica/l106/esp8266/libs/esp8266_wifi -I./mcu_xlibs/arch/tensilica/l106/esp8266/libs/dns_server -I./mcu_xlibs/arch/tensilica/l106/esp8266/libs/i2s_dma -o build/obj/esp8266_i2s.o -c mcu_xlibs/arch/tensilica/l106/esp8266/driver/esp8266_i2s.c
mkdir -p build/obj/
mkdir -p build/bin/
mkdir -p build/out/
C:/msys32/opt/xtensa-lx106-elf/bin/xtensa-lx106-elf-gcc -Os -g -Wpointer-arith -Wundef -Wl,-EL -fno-inline-functions -nostdlib -mlongcalls -mtext-section-literals -ffunction-sections -fdata-sections -fno-builtin-printf -fno-jump-tables -fno-guess-branch-probability -freorder-blocks-and-partition -fno-cse-follow-jumps -DICACHE_FLASH -DSPI_FLASH_SIZE_MAP=6 -DMEM_DEFAULT_USE_DRAM -DLWIP_OPEN_SRC -IESP8266_NONOS_SDK/include -IESP8266_NONOS_SDK/driver_lib/include -IESP8266_NONOS_SDK/third_party/include -IESP8266_NONOS_SDK/third_party/include/lwip/app -IESP8266_NONOS_SDK/third_party/include/lwip -I./source -I./mcu_xlibs -I./mcu_xlibs/misc -I./mcu_xlibs/arch/tensilica/l106/esp8266/include/driver -I./mcu_xlibs/arch/tensilica/l106/esp8266/libs/esp8266_wifi -I./mcu_xlibs/arch/tensilica/l106/esp8266/libs/dns_server -I./mcu_xlibs/arch/tensilica/l106/esp8266/libs/i2s_dma -o build/obj/esp8266_slc.o -c mcu_xlibs/arch/tensilica/l106/esp8266/driver/esp8266_slc.c
mkdir -p build/obj/
mkdir -p build/bin/
mkdir -p build/out/
C:/msys32/opt/xtensa-lx106-elf/bin/xtensa-lx106-elf-gcc -Os -g -Wpointer-arith -Wundef -Wl,-EL -fno-inline-functions -nostdlib -mlongcalls -mtext-section-literals -ffunction-sections -fdata-sections -fno-builtin-printf -fno-jump-tables -fno-guess-branch-probability -freorder-blocks-and-partition -fno-cse-follow-jumps -DICACHE_FLASH -DSPI_FLASH_SIZE_MAP=6 -DMEM_DEFAULT_USE_DRAM -DLWIP_OPEN_SRC -IESP8266_NONOS_SDK/include -IESP8266_NONOS_SDK/driver_lib/include -IESP8266_NONOS_SDK/third_party/include -IESP8266_NONOS_SDK/third_party/include/lwip/app -IESP8266_NONOS_SDK/third_party/include/lwip -I./source -I./mcu_xlibs -I./mcu_xlibs/misc -I./mcu_xlibs/arch/tensilica/l106/esp8266/include/driver -I./mcu_xlibs/arch/tensilica/l106/esp8266/libs/esp8266_wifi -I./mcu_xlibs/arch/tensilica/l106/esp8266/libs/dns_server -I./mcu_xlibs/arch/tensilica/l106/esp8266/libs/i2s_dma -o build/obj/esp8266_wifi_scan.o -c mcu_xlibs/arch/tensilica/l106/esp8266/libs/esp8266_wifi/esp8266_wifi_scan.c
C:/msys32/opt/xtensa-lx106-elf/bin/xtensa-lx106-elf-ar ru build/out/sample_project.a build/obj/rf_init.o build/obj/main.o build/obj/bits_string.o build/obj/esp8266_gpio.o build/obj/esp8266_iomux.o build/obj/esp8266_i2s.o build/obj/esp8266_slc.o build/obj/esp8266_wifi_scan.o
C:/msys32/opt/xtensa-lx106-elf/bin/xtensa-lx106-elf-gcc -LESP8266_NONOS_SDK/lib -nostdlib -Tld/eagle.app.v6.4M.ld -Wl,--no-check-sections -Wl,--gc-sections -u call_user_start -Wl,-static -Wl,--start-group -lhal -lphy -lpp -lc -lgcc -lnet80211 -llwip -lmbedtls -lwpa -lcrypto -lmain -ljson -lssl -lupgrade -lsmartconfig -lairkiss -ldriver build/out/sample_project.a -Wl,--end-group -o build/out/sample_project.out
C:/msys32/opt/xtensa-lx106-elf/bin/xtensa-lx106-elf-objcopy --only-section .text -O binary build/out/sample_project.out eagle.app.v6.text.bin
C:/msys32/opt/xtensa-lx106-elf/bin/xtensa-lx106-elf-objcopy --only-section .data -O binary build/out/sample_project.out eagle.app.v6.data.bin
C:/msys32/opt/xtensa-lx106-elf/bin/xtensa-lx106-elf-objcopy --only-section .rodata -O binary build/out/sample_project.out eagle.app.v6.rodata.bin
C:/msys32/opt/xtensa-lx106-elf/bin/xtensa-lx106-elf-objcopy --only-section .irom0.text -O binary build/out/sample_project.out eagle.app.v6.irom0text.bin
python tools/gen_appbin.py build/out/sample_project.out 0 0 15 6 0
mv eagle.app.* build/bin/
mv build/bin/eagle.app.flash.bin build/bin/sample_project0x00000.bin
mv build/bin/eagle.app.v6.irom0text.bin build/bin/sample_project0x10000.bin
echo "Generate sample_project*.bin successully in folder build/bin/."
echo "build/bin/sample_project0x00000.bin ------------> 0x00000"
echo "build/bin/sample_project0x10000.bin ------------> 0x10000"
make: Leaving directory '/f/2.documents/esp/8266/esp8266_nonos_template_prj'
 
